#
# There is insufficient memory for the Java Runtime Environment to continue.
# Native memory allocation (mmap) failed to map 357892096 bytes for committing reserved memory.
# Possible reasons:
#   The system is out of physical RAM or swap space
#   In 32 bit mode, the process size limit was hit
# Possible solutions:
#   Reduce memory load on the system
#   Increase physical memory or swap space
#   Check if swap backing store is full
#   Use 64 bit Java on a 64 bit OS
#   Decrease Java heap size (-Xmx/-Xms)
#   Decrease number of Java threads
#   Decrease Java thread stack sizes (-Xss)
#   Set larger code cache with -XX:ReservedCodeCacheSize=
# This output file may be truncated or incomplete.
#
#  Out of Memory Error (os_linux.cpp:2643), pid=16898, tid=0x00007f1d69c3f700
#
# JRE version:  (8.0_131-b11) (build )
# Java VM: OpenJDK 64-Bit Server VM (25.131-b11 mixed mode linux-amd64 compressed oops)
# Failed to write core dump. Core dumps have been disabled. To enable core dumping, try "ulimit -c unlimited" before starting Java again
#

---------------  T H R E A D  ---------------

Current thread (0x00007f1d6000a000):  JavaThread "Unknown thread" [_thread_in_vm, id=16899, stack(0x00007f1d69b3f000,0x00007f1d69c40000)]

Stack: [0x00007f1d69b3f000,0x00007f1d69c40000],  sp=0x00007f1d69c3e5d0,  free space=1021k
Native frames: (J=compiled Java code, j=interpreted, Vv=VM code, C=native code)
V  [libjvm.so+0xa6a1bb]
V  [libjvm.so+0x4c5a6c]
V  [libjvm.so+0x8b85a0]
V  [libjvm.so+0x8b2a1e]
V  [libjvm.so+0xa66ab4]
V  [libjvm.so+0x5cc636]
V  [libjvm.so+0x4cefcf]
V  [libjvm.so+0x5cda32]
V  [libjvm.so+0x5b91df]
V  [libjvm.so+0xa2d6b9]
V  [libjvm.so+0xa2d902]
V  [libjvm.so+0x61103f]
V  [libjvm.so+0xa12caa]
V  [libjvm.so+0x68b222]  JNI_CreateJavaVM+0x62
C  [libjli.so+0x2f2e]
C  [libjli.so+0x73dd]
C  [libpthread.so.0+0x76ba]  start_thread+0xca


---------------  P R O C E S S  ---------------

Java Threads: ( => current thread )

Other Threads:

=>0x00007f1d6000a000 (exited) JavaThread "Unknown thread" [_thread_in_vm, id=16899, stack(0x00007f1d69b3f000,0x00007f1d69c40000)]

VM state:not at safepoint (not fully initialized)

VM Mutex/Monitor currently owned by a thread: None

GC Heap History (0 events):
No events

Deoptimization events (0 events):
No events

Internal exceptions (0 events):
No events

Events (0 events):
No events


Dynamic libraries:
00400000-00401000 r-xp 00000000 08:01 258430                             /usr/lib/jvm/java-8-openjdk-amd64/jre/bin/java
00600000-00601000 r--p 00000000 08:01 258430                             /usr/lib/jvm/java-8-openjdk-amd64/jre/bin/java
00601000-00602000 rw-p 00001000 08:01 258430                             /usr/lib/jvm/java-8-openjdk-amd64/jre/bin/java
01cd2000-01cf3000 rw-p 00000000 00:00 0                                  [heap]
d5550000-100000000 ---p 00000000 00:00 0 
7f1d58000000-7f1d58270000 rwxp 00000000 00:00 0 
7f1d58270000-7f1d60000000 ---p 00000000 00:00 0 
7f1d60000000-7f1d60031000 rw-p 00000000 00:00 0 
7f1d60031000-7f1d64000000 ---p 00000000 00:00 0 
7f1d661a3000-7f1d663a3000 ---p 00000000 00:00 0 
7f1d663a3000-7f1d663ae000 rw-p 00000000 00:00 0 
7f1d663ae000-7f1d665a4000 ---p 00000000 00:00 0 
7f1d665a4000-7f1d665ac000 r-xp 00000000 08:01 258364                     /usr/lib/jvm/java-8-openjdk-amd64/jre/lib/amd64/libzip.so
7f1d665ac000-7f1d667ab000 ---p 00008000 08:01 258364                     /usr/lib/jvm/java-8-openjdk-amd64/jre/lib/amd64/libzip.so
7f1d667ab000-7f1d667ac000 r--p 00007000 08:01 258364                     /usr/lib/jvm/java-8-openjdk-amd64/jre/lib/amd64/libzip.so
7f1d667ac000-7f1d667ad000 rw-p 00008000 08:01 258364                     /usr/lib/jvm/java-8-openjdk-amd64/jre/lib/amd64/libzip.so
7f1d667ad000-7f1d667b8000 r-xp 00000000 08:01 2044                       /lib/x86_64-linux-gnu/libnss_files-2.23.so
7f1d667b8000-7f1d669b7000 ---p 0000b000 08:01 2044                       /lib/x86_64-linux-gnu/libnss_files-2.23.so
7f1d669b7000-7f1d669b8000 r--p 0000a000 08:01 2044                       /lib/x86_64-linux-gnu/libnss_files-2.23.so
7f1d669b8000-7f1d669b9000 rw-p 0000b000 08:01 2044                       /lib/x86_64-linux-gnu/libnss_files-2.23.so
7f1d669b9000-7f1d669bf000 rw-p 00000000 00:00 0 
7f1d669bf000-7f1d669ca000 r-xp 00000000 08:01 2047                       /lib/x86_64-linux-gnu/libnss_nis-2.23.so
7f1d669ca000-7f1d66bc9000 ---p 0000b000 08:01 2047                       /lib/x86_64-linux-gnu/libnss_nis-2.23.so
7f1d66bc9000-7f1d66bca000 r--p 0000a000 08:01 2047                       /lib/x86_64-linux-gnu/libnss_nis-2.23.so
7f1d66bca000-7f1d66bcb000 rw-p 0000b000 08:01 2047                       /lib/x86_64-linux-gnu/libnss_nis-2.23.so
7f1d66bcb000-7f1d66be1000 r-xp 00000000 08:01 2040                       /lib/x86_64-linux-gnu/libnsl-2.23.so
7f1d66be1000-7f1d66de0000 ---p 00016000 08:01 2040                       /lib/x86_64-linux-gnu/libnsl-2.23.so
7f1d66de0000-7f1d66de1000 r--p 00015000 08:01 2040                       /lib/x86_64-linux-gnu/libnsl-2.23.so
7f1d66de1000-7f1d66de2000 rw-p 00016000 08:01 2040                       /lib/x86_64-linux-gnu/libnsl-2.23.so
7f1d66de2000-7f1d66de4000 rw-p 00000000 00:00 0 
7f1d66de4000-7f1d66dec000 r-xp 00000000 08:01 2053                       /lib/x86_64-linux-gnu/libnss_compat-2.23.so
7f1d66dec000-7f1d66feb000 ---p 00008000 08:01 2053                       /lib/x86_64-linux-gnu/libnss_compat-2.23.so
7f1d66feb000-7f1d66fec000 r--p 00007000 08:01 2053                       /lib/x86_64-linux-gnu/libnss_compat-2.23.so
7f1d66fec000-7f1d66fed000 rw-p 00008000 08:01 2053                       /lib/x86_64-linux-gnu/libnss_compat-2.23.so
7f1d66fed000-7f1d6701a000 r-xp 00000000 08:01 258379                     /usr/lib/jvm/java-8-openjdk-amd64/jre/lib/amd64/libjava.so
7f1d6701a000-7f1d67219000 ---p 0002d000 08:01 258379                     /usr/lib/jvm/java-8-openjdk-amd64/jre/lib/amd64/libjava.so
7f1d67219000-7f1d6721a000 r--p 0002c000 08:01 258379                     /usr/lib/jvm/java-8-openjdk-amd64/jre/lib/amd64/libjava.so
7f1d6721a000-7f1d6721c000 rw-p 0002d000 08:01 258379                     /usr/lib/jvm/java-8-openjdk-amd64/jre/lib/amd64/libjava.so
7f1d6721c000-7f1d6722b000 r-xp 00000000 08:01 258357                     /usr/lib/jvm/java-8-openjdk-amd64/jre/lib/amd64/libverify.so
7f1d6722b000-7f1d6742a000 ---p 0000f000 08:01 258357                     /usr/lib/jvm/java-8-openjdk-amd64/jre/lib/amd64/libverify.so
7f1d6742a000-7f1d6742c000 r--p 0000e000 08:01 258357                     /usr/lib/jvm/java-8-openjdk-amd64/jre/lib/amd64/libverify.so
7f1d6742c000-7f1d6742d000 rw-p 00010000 08:01 258357                     /usr/lib/jvm/java-8-openjdk-amd64/jre/lib/amd64/libverify.so
7f1d6742d000-7f1d67434000 r-xp 00000000 08:01 2049                       /lib/x86_64-linux-gnu/librt-2.23.so
7f1d67434000-7f1d67633000 ---p 00007000 08:01 2049                       /lib/x86_64-linux-gnu/librt-2.23.so
7f1d67633000-7f1d67634000 r--p 00006000 08:01 2049                       /lib/x86_64-linux-gnu/librt-2.23.so
7f1d67634000-7f1d67635000 rw-p 00007000 08:01 2049                       /lib/x86_64-linux-gnu/librt-2.23.so
7f1d67635000-7f1d6764b000 r-xp 00000000 08:01 2039                       /lib/x86_64-linux-gnu/libgcc_s.so.1
7f1d6764b000-7f1d6784a000 ---p 00016000 08:01 2039                       /lib/x86_64-linux-gnu/libgcc_s.so.1
7f1d6784a000-7f1d6784b000 rw-p 00015000 08:01 2039                       /lib/x86_64-linux-gnu/libgcc_s.so.1
7f1d6784b000-7f1d67953000 r-xp 00000000 08:01 2064                       /lib/x86_64-linux-gnu/libm-2.23.so
7f1d67953000-7f1d67b52000 ---p 00108000 08:01 2064                       /lib/x86_64-linux-gnu/libm-2.23.so
7f1d67b52000-7f1d67b53000 r--p 00107000 08:01 2064                       /lib/x86_64-linux-gnu/libm-2.23.so
7f1d67b53000-7f1d67b54000 rw-p 00108000 08:01 2064                       /lib/x86_64-linux-gnu/libm-2.23.so
7f1d67b54000-7f1d67cc6000 r-xp 00000000 08:01 25796                      /usr/lib/x86_64-linux-gnu/libstdc++.so.6.0.21
7f1d67cc6000-7f1d67ec6000 ---p 00172000 08:01 25796                      /usr/lib/x86_64-linux-gnu/libstdc++.so.6.0.21
7f1d67ec6000-7f1d67ed0000 r--p 00172000 08:01 25796                      /usr/lib/x86_64-linux-gnu/libstdc++.so.6.0.21
7f1d67ed0000-7f1d67ed2000 rw-p 0017c000 08:01 25796                      /usr/lib/x86_64-linux-gnu/libstdc++.so.6.0.21
7f1d67ed2000-7f1d67ed6000 rw-p 00000000 00:00 0 
7f1d67ed6000-7f1d68b2a000 r-xp 00000000 08:01 258363                     /usr/lib/jvm/java-8-openjdk-amd64/jre/lib/amd64/server/libjvm.so
7f1d68b2a000-7f1d68d2a000 ---p 00c54000 08:01 258363                     /usr/lib/jvm/java-8-openjdk-amd64/jre/lib/amd64/server/libjvm.so
7f1d68d2a000-7f1d68dbd000 r--p 00c54000 08:01 258363                     /usr/lib/jvm/java-8-openjdk-amd64/jre/lib/amd64/server/libjvm.so
7f1d68dbd000-7f1d68de6000 rw-p 00ce7000 08:01 258363                     /usr/lib/jvm/java-8-openjdk-amd64/jre/lib/amd64/server/libjvm.so
7f1d68de6000-7f1d68e16000 rw-p 00000000 00:00 0 
7f1d68e16000-7f1d68e2e000 r-xp 00000000 08:01 2046                       /lib/x86_64-linux-gnu/libpthread-2.23.so
7f1d68e2e000-7f1d6902d000 ---p 00018000 08:01 2046                       /lib/x86_64-linux-gnu/libpthread-2.23.so
7f1d6902d000-7f1d6902e000 r--p 00017000 08:01 2046                       /lib/x86_64-linux-gnu/libpthread-2.23.so
7f1d6902e000-7f1d6902f000 rw-p 00018000 08:01 2046                       /lib/x86_64-linux-gnu/libpthread-2.23.so
7f1d6902f000-7f1d69033000 rw-p 00000000 00:00 0 
7f1d69033000-7f1d69036000 r-xp 00000000 08:01 2052                       /lib/x86_64-linux-gnu/libdl-2.23.so
7f1d69036000-7f1d69235000 ---p 00003000 08:01 2052                       /lib/x86_64-linux-gnu/libdl-2.23.so
7f1d69235000-7f1d69236000 r--p 00002000 08:01 2052                       /lib/x86_64-linux-gnu/libdl-2.23.so
7f1d69236000-7f1d69237000 rw-p 00003000 08:01 2052                       /lib/x86_64-linux-gnu/libdl-2.23.so
7f1d69237000-7f1d69250000 r-xp 00000000 08:01 2194                       /lib/x86_64-linux-gnu/libz.so.1.2.8
7f1d69250000-7f1d6944f000 ---p 00019000 08:01 2194                       /lib/x86_64-linux-gnu/libz.so.1.2.8
7f1d6944f000-7f1d69450000 r--p 00018000 08:01 2194                       /lib/x86_64-linux-gnu/libz.so.1.2.8
7f1d69450000-7f1d69451000 rw-p 00019000 08:01 2194                       /lib/x86_64-linux-gnu/libz.so.1.2.8
7f1d69451000-7f1d69611000 r-xp 00000000 08:01 2069                       /lib/x86_64-linux-gnu/libc-2.23.so
7f1d69611000-7f1d69811000 ---p 001c0000 08:01 2069                       /lib/x86_64-linux-gnu/libc-2.23.so
7f1d69811000-7f1d69815000 r--p 001c0000 08:01 2069                       /lib/x86_64-linux-gnu/libc-2.23.so
7f1d69815000-7f1d69817000 rw-p 001c4000 08:01 2069                       /lib/x86_64-linux-gnu/libc-2.23.so
7f1d69817000-7f1d6981b000 rw-p 00000000 00:00 0 
7f1d6981b000-7f1d69828000 r-xp 00000000 08:01 258355                     /usr/lib/jvm/java-8-openjdk-amd64/jre/lib/amd64/jli/libjli.so
7f1d69828000-7f1d69a28000 ---p 0000d000 08:01 258355                     /usr/lib/jvm/java-8-openjdk-amd64/jre/lib/amd64/jli/libjli.so
7f1d69a28000-7f1d69a29000 r--p 0000d000 08:01 258355                     /usr/lib/jvm/java-8-openjdk-amd64/jre/lib/amd64/jli/libjli.so
7f1d69a29000-7f1d69a2a000 rw-p 0000e000 08:01 258355                     /usr/lib/jvm/java-8-openjdk-amd64/jre/lib/amd64/jli/libjli.so
7f1d69a2a000-7f1d69a50000 r-xp 00000000 08:01 2041                       /lib/x86_64-linux-gnu/ld-2.23.so
7f1d69b37000-7f1d69b3f000 rw-s 00000000 08:01 256446                     /tmp/hsperfdata_ubuntu/16898
7f1d69b3f000-7f1d69b42000 ---p 00000000 00:00 0 
7f1d69b42000-7f1d69c45000 rw-p 00000000 00:00 0 
7f1d69c4b000-7f1d69c4c000 rw-p 00000000 00:00 0 
7f1d69c4c000-7f1d69c4d000 r--p 00000000 00:00 0 
7f1d69c4d000-7f1d69c4f000 rw-p 00000000 00:00 0 
7f1d69c4f000-7f1d69c50000 r--p 00025000 08:01 2041                       /lib/x86_64-linux-gnu/ld-2.23.so
7f1d69c50000-7f1d69c51000 rw-p 00026000 08:01 2041                       /lib/x86_64-linux-gnu/ld-2.23.so
7f1d69c51000-7f1d69c52000 rw-p 00000000 00:00 0 
7ffffa338000-7ffffa359000 rw-p 00000000 00:00 0                          [stack]
7ffffa378000-7ffffa37a000 r--p 00000000 00:00 0                          [vvar]
7ffffa37a000-7ffffa37c000 r-xp 00000000 00:00 0                          [vdso]
ffffffffff600000-ffffffffff601000 r-xp 00000000 00:00 0                  [vsyscall]

VM Arguments:
jvm_args: -Xms1024m -Xmx1024m -XX:ReservedCodeCacheSize=128m -XX:MaxMetaspaceSize=256m 
java_command: /home/ubuntu/bin/../sbt/bin/sbt-launch.jar clean compile
java_class_path (initial): /home/ubuntu/bin/../sbt/bin/sbt-launch.jar
Launcher Type: SUN_STANDARD

Environment Variables:
PATH=/home/ubuntu/bin:/home/ubuntu/.local/bin:/usr/local/sbin:/usr/local/bin:/usr/sbin:/usr/bin:/sbin:/bin:/usr/games:/usr/local/games:/snap/bin:/home/ubuntu/bin
SHELL=/bin/bash

Signal Handlers:
SIGSEGV: [libjvm.so+0xa6ad10], sa_mask[0]=11111111011111111101111111111110, sa_flags=SA_RESTART|SA_SIGINFO
SIGBUS: [libjvm.so+0xa6ad10], sa_mask[0]=11111111011111111101111111111110, sa_flags=SA_RESTART|SA_SIGINFO
SIGFPE: [libjvm.so+0x8b3bc0], sa_mask[0]=11111111011111111101111111111110, sa_flags=SA_RESTART|SA_SIGINFO
SIGPIPE: [libjvm.so+0x8b3bc0], sa_mask[0]=11111111011111111101111111111110, sa_flags=SA_RESTART|SA_SIGINFO
SIGXFSZ: [libjvm.so+0x8b3bc0], sa_mask[0]=11111111011111111101111111111110, sa_flags=SA_RESTART|SA_SIGINFO
SIGILL: [libjvm.so+0x8b3bc0], sa_mask[0]=11111111011111111101111111111110, sa_flags=SA_RESTART|SA_SIGINFO
SIGUSR1: SIG_DFL, sa_mask[0]=00000000000000000000000000000000, sa_flags=none
SIGUSR2: [libjvm.so+0x8b3a70], sa_mask[0]=00000000000000000000000000000000, sa_flags=SA_RESTART|SA_SIGINFO
SIGHUP: SIG_DFL, sa_mask[0]=00000000000000000000000000000000, sa_flags=none
SIGINT: SIG_DFL, sa_mask[0]=00000000000000000000000000000000, sa_flags=none
SIGTERM: SIG_DFL, sa_mask[0]=00000000000000000000000000000000, sa_flags=none
SIGQUIT: SIG_DFL, sa_mask[0]=00000000000000000000000000000000, sa_flags=none


---------------  S Y S T E M  ---------------

OS:DISTRIB_ID=Ubuntu
DISTRIB_RELEASE=16.04
DISTRIB_CODENAME=xenial
DISTRIB_DESCRIPTION="Ubuntu 16.04.3 LTS"

uname:Linux 4.4.0-93-generic #116-Ubuntu SMP Fri Aug 11 21:17:51 UTC 2017 x86_64
libc:glibc 2.23 NPTL 2.23 
rlimit: STACK 8192k, CORE 0k, NPROC 3913, NOFILE 1048576, AS infinity
load average:0.04 0.03 0.01

/proc/meminfo:
MemTotal:        1015948 kB
MemFree:           88644 kB
MemAvailable:     108588 kB
Buffers:            9600 kB
Cached:           130604 kB
SwapCached:            0 kB
Active:           801832 kB
Inactive:          57264 kB
Active(anon):     721900 kB
Inactive(anon):     3352 kB
Active(file):      79932 kB
Inactive(file):    53912 kB
Unevictable:        3660 kB
Mlocked:            3660 kB
SwapTotal:             0 kB
SwapFree:              0 kB
Dirty:                12 kB
Writeback:             0 kB
AnonPages:        722728 kB
Mapped:            38316 kB
Shmem:              3800 kB
Slab:              42300 kB
SReclaimable:      27668 kB
SUnreclaim:        14632 kB
KernelStack:        2416 kB
PageTables:         4820 kB
NFS_Unstable:          0 kB
Bounce:                0 kB
WritebackTmp:          0 kB
CommitLimit:      507972 kB
Committed_AS:    1548708 kB
VmallocTotal:   34359738367 kB
VmallocUsed:           0 kB
VmallocChunk:          0 kB
HardwareCorrupted:     0 kB
AnonHugePages:    471040 kB
CmaTotal:              0 kB
CmaFree:               0 kB
HugePages_Total:       0
HugePages_Free:        0
HugePages_Rsvd:        0
HugePages_Surp:        0
Hugepagesize:       2048 kB
DirectMap4k:       57280 kB
DirectMap2M:      991232 kB


CPU:total 2 (initial active 2) (2 cores per cpu, 1 threads per core) family 6 model 60 stepping 3, cmov, cx8, fxsr, mmx, sse, sse2, sse3, ssse3, sse4.1, sse4.2, popcnt, avx, aes, clmul, lzcnt, tsc, tscinvbit

/proc/cpuinfo:
processor	: 0
vendor_id	: GenuineIntel
cpu family	: 6
model		: 60
model name	: Intel(R) Core(TM) i7-4700HQ CPU @ 2.40GHz
stepping	: 3
cpu MHz		: 2380.398
cache size	: 6144 KB
physical id	: 0
siblings	: 2
core id		: 0
cpu cores	: 2
apicid		: 0
initial apicid	: 0
fpu		: yes
fpu_exception	: yes
cpuid level	: 13
wp		: yes
flags		: fpu vme de pse tsc msr pae mce cx8 apic sep mtrr pge mca cmov pat pse36 clflush mmx fxsr sse sse2 ht syscall nx rdtscp lm constant_tsc rep_good nopl xtopology nonstop_tsc pni pclmulqdq ssse3 cx16 sse4_1 sse4_2 x2apic movbe popcnt aes xsave avx rdrand hypervisor lahf_lm abm
bugs		:
bogomips	: 4760.79
clflush size	: 64
cache_alignment	: 64
address sizes	: 39 bits physical, 48 bits virtual
power management:

processor	: 1
vendor_id	: GenuineIntel
cpu family	: 6
model		: 60
model name	: Intel(R) Core(TM) i7-4700HQ CPU @ 2.40GHz
stepping	: 3
cpu MHz		: 2380.398
cache size	: 6144 KB
physical id	: 0
siblings	: 2
core id		: 1
cpu cores	: 2
apicid		: 1
initial apicid	: 1
fpu		: yes
fpu_exception	: yes
cpuid level	: 13
wp		: yes
flags		: fpu vme de pse tsc msr pae mce cx8 apic sep mtrr pge mca cmov pat pse36 clflush mmx fxsr sse sse2 ht syscall nx rdtscp lm constant_tsc rep_good nopl xtopology nonstop_tsc pni pclmulqdq ssse3 cx16 sse4_1 sse4_2 x2apic movbe popcnt aes xsave avx rdrand hypervisor lahf_lm abm
bugs		:
bogomips	: 4760.79
clflush size	: 64
cache_alignment	: 64
address sizes	: 39 bits physical, 48 bits virtual
power management:



Memory: 4k page, physical 1015948k(88644k free), swap 0k(0k free)

vm_info: OpenJDK 64-Bit Server VM (25.131-b11) for linux-amd64 JRE (1.8.0_131-8u131-b11-2ubuntu1.16.04.3-b11), built on Jul 28 2017 01:23:32 by "buildd" with gcc 5.4.0 20160609

time: Sat Sep 23 18:03:25 2017
elapsed time: 0 seconds (0d 0h 0m 0s)

